#-----------------------------------------------------------
# xsim v2022.2 (64-bit)
# SW Build 3671981 on Fri Oct 14 05:00:03 MDT 2022
# IP Build 3669848 on Fri Oct 14 08:30:02 MDT 2022
# Start of session at: Sun Jun 28 22:28:31 2026
# Process ID: 19632
# Current directory: V:/Git_Storage/Assignment/fork_join_vs_unblocking
# Command line: xsim.exe -mode tcl -source {xsim.dir/simulation/xsim_script.tcl}
# Log file: V:/Git_Storage/Assignment/fork_join_vs_unblocking/xsim.log
# Journal file: V:/Git_Storage/Assignment/fork_join_vs_unblocking\xsim.jou
# Running On: TUSHA-LEGION5, OS: Windows, CPU Frequency: 3110 MHz, CPU Physical cores: 12, Host memory: 16890 MB
#-----------------------------------------------------------
source xsim.dir/simulation/xsim_script.tcl
# xsim {simulation} -autoloadwcfg -runall
Time resolution is 1 ps
run -all
[0] Execution of A
[0] Execution of B
[0] a =                   0
[5000] b=                   0
[0] a =                   0
[5000] b=                   0
[5000] a =                   5
[0] b=                   5
exit
INFO: [Common 17-206] Exiting xsim at Sun Jun 28 22:28:32 2026...
